This file contains any messages produced by compilers while
running configure, to aid debugging if configure makes a mistake.

configure:604: checking for gcc
configure:717: checking whether the C compiler (gcc  ) works
configure:733: gcc -o conftest    conftest.c  1>&5
configure:730:1: warning: return type defaults to 'int' [-Wimplicit-int]
 main(){return(0);}
 ^~~~
configure:759: checking whether the C compiler (gcc  ) is a cross-compiler
configure:764: checking whether we are using GNU C
configure:773: gcc -E conftest.c
configure:792: checking whether gcc accepts -g
configure:836: checking switches for the host compiler
configure:856: checking target compiler
configure:864: checking switches on the target compiler
configure:872: checking target linker
configure:880: checking switches on the target compiler
configure:892: checking for ranlib
configure:938: checking if host and target compilers are the same
configure:953: checking if executables have the .exe suffix
configure:962: checking for Cygwin environment
configure:978: gcc -c -g -O2  conftest.c 1>&5
configure: In function 'main':
configure:972:20: error: '__CYGWIN32__' undeclared (first use in this function); did you mean '__CYGWIN__'?
 #define __CYGWIN__ __CYGWIN32__
                    ^
configure:974:8: note: in expansion of macro '__CYGWIN__'
 return __CYGWIN__;
        ^~~~~~~~~~
configure:972:20: note: each undeclared identifier is reported only once for each function it appears in
 #define __CYGWIN__ __CYGWIN32__
                    ^
configure:974:8: note: in expansion of macro '__CYGWIN__'
 return __CYGWIN__;
        ^~~~~~~~~~
configure: failed program was:
#line 967 "configure"
#include "confdefs.h"

int main() {

#ifndef __CYGWIN__
#define __CYGWIN__ __CYGWIN32__
#endif
return __CYGWIN__;
; return 0; }
configure:1042: checking for sin
configure:1070: gcc -o conftest -g -O2   conftest.c  1>&5
configure:1054:6: warning: conflicting types for built-in function 'sin' [-Wbuiltin-declaration-mismatch]
 char sin();
      ^~~
/tmp/ccyrwSSK.o: In function `main':
/home/ning/sqlite/SQLite-e8521fc1/configure:1064: undefined reference to `sin'
collect2: error: ld returned 1 exit status
configure: failed program was:
#line 1047 "configure"
#include "confdefs.h"
/* System header to define __stub macros and hopefully few prototypes,
    which can conflict with char sin(); below.  */
#include <assert.h>
/* Override any gcc2 internal prototype to avoid an error.  */
/* We use char because int might match the return type of a gcc2
    builtin and then its argument prototype would still apply.  */
char sin();

int main() {

/* The GNU C library defines this for functions which it implements
    to always fail with ENOSYS.  Some functions are actually named
    something starting with __ and the normal name is an alias.  */
#if defined (__stub_sin) || defined (__stub___sin)
choke me
#else
sin();
#endif

; return 0; }
configure:1091: checking for dlopen in -ldl
configure:1110: gcc -o conftest -g -O2   conftest.c -ldl  -lm 1>&5
configure:1213: checking TCL header files
configure:1391: checking for library containing gdbm_open
configure:1409: gcc -o conftest -g -O2   conftest.c  1>&5
/tmp/ccxeZOWc.o: In function `main':
/home/ning/sqlite/SQLite-e8521fc1/configure:1405: undefined reference to `gdbm_open'
collect2: error: ld returned 1 exit status
configure: failed program was:
#line 1398 "configure"
#include "confdefs.h"
/* Override any gcc2 internal prototype to avoid an error.  */
/* We use char because int might match the return type of a gcc2
    builtin and then its argument prototype would still apply.  */
char gdbm_open();

int main() {
gdbm_open()
; return 0; }
configure:1431: gcc -o conftest -g -O2   conftest.c -lgdbm   1>&5
configure:1459: checking GDBM header files
configure:1471: checking for gdbm.h
configure:1481:   conftest.c >/dev/null 2>conftest.out
../SQLite-e8521fc1/configure: 1: eval: conftest.c: not found
configure: failed program was:
#line 1476 "configure"
#include "confdefs.h"
#include <gdbm.h>
configure:1508: checking for /usr/local/include/gdbm.h
configure:1508: checking for /usr/pkg/include/gdbm.h
configure:1508: checking for /usr/contrib/include/gdbm.h
configure:1549: checking for library containing readline
configure:1567: gcc -o conftest -g -O2   conftest.c  1>&5
/tmp/ccB9EI3K.o: In function `main':
/home/ning/sqlite/SQLite-e8521fc1/configure:1563: undefined reference to `readline'
collect2: error: ld returned 1 exit status
configure: failed program was:
#line 1556 "configure"
#include "confdefs.h"
/* Override any gcc2 internal prototype to avoid an error.  */
/* We use char because int might match the return type of a gcc2
    builtin and then its argument prototype would still apply.  */
char readline();

int main() {
readline()
; return 0; }
configure:1589: gcc -o conftest -g -O2   conftest.c -lreadline   1>&5
configure:1617: checking readline header files
configure:1629: checking for readline.h
configure:1639:   conftest.c >/dev/null 2>conftest.out
../SQLite-e8521fc1/configure: 1: eval: conftest.c: not found
configure: failed program was:
#line 1634 "configure"
#include "confdefs.h"
#include <readline.h>
configure:1666: checking for /usr/include/readline.h
configure:1695: checking for /usr/include/readline/readline.h
configure:1739: checking for usleep
configure:1767: gcc -o conftest -g -O2   conftest.c -lreadline  1>&5
